# JRE version: OpenJDK Runtime Environment (8.0_152-b01) (build 1.8.0_152-release-1024-b01)
# Java VM: OpenJDK 64-Bit Server VM (25.152-b01 mixed mode linux-amd64 compressed oops)
Heap:
 PSYoungGen      total 304128K, used 27119K [0x00000000e0000000, 0x00000000f4380000, 0x0000000100000000)
  eden space 276992K, 0% used [0x00000000e0000000,0x00000000e0000000,0x00000000f0e80000)
  from space 27136K, 99% used [0x00000000f0e80000,0x00000000f28fbfa0,0x00000000f2900000)
  to   space 15360K, 0% used [0x00000000f3480000,0x00000000f3480000,0x00000000f4380000)
 ParOldGen       total 84480K, used 61589K [0x00000000a0000000, 0x00000000a5280000, 0x00000000e0000000)
  object space 84480K, 72% used [0x00000000a0000000,0x00000000a3c25770,0x00000000a5280000)
 Metaspace       used 72795K, capacity 75148K, committed 75352K, reserved 1114112K
  class space    used 9525K, capacity 10001K, committed 10112K, reserved 1048576K
GC Heap History (10 events):
Event: 25,468 GC heap after
Heap after GC invocations=11 (full 2):
 PSYoungGen      total 167424K, used 15341K [0x00000000e0000000, 0x00000000ef100000, 0x0000000100000000)
  eden space 152064K, 0% used [0x00000000e0000000,0x00000000e0000000,0x00000000e9480000)
  from space 15360K, 99% used [0x00000000e9480000,0x00000000ea37b520,0x00000000ea380000)
  to   space 20992K, 0% used [0x00000000edc80000,0x00000000edc80000,0x00000000ef100000)
 ParOldGen       total 59904K, used 27465K [0x00000000a0000000, 0x00000000a3a80000, 0x00000000e0000000)
  object space 59904K, 45% used [0x00000000a0000000,0x00000000a1ad2708,0x00000000a3a80000)
 Metaspace       used 53957K, capacity 55456K, committed 55640K, reserved 1097728K
  class space    used 7364K, capacity 7749K, committed 7808K, reserved 1048576K
}
Event: 30,091 GC heap before
{Heap before GC invocations=12 (full 2):
 PSYoungGen      total 167424K, used 167405K [0x00000000e0000000, 0x00000000ef100000, 0x0000000100000000)
  eden space 152064K, 100% used [0x00000000e0000000,0x00000000e9480000,0x00000000e9480000)
  from space 15360K, 99% used [0x00000000e9480000,0x00000000ea37b520,0x00000000ea380000)
  to   space 20992K, 0% used [0x00000000edc80000,0x00000000edc80000,0x00000000ef100000)
 ParOldGen       total 59904K, used 27465K [0x00000000a0000000, 0x00000000a3a80000, 0x00000000e0000000)
  object space 59904K, 45% used [0x00000000a0000000,0x00000000a1ad2708,0x00000000a3a80000)
 Metaspace       used 57214K, capacity 58760K, committed 59028K, reserved 1099776K
  class space    used 7664K, capacity 8073K, committed 8192K, reserved 1048576K
Event: 30,192 GC heap after
Heap after GC invocations=12 (full 2):
 PSYoungGen      total 218624K, used 20965K [0x00000000e0000000, 0x00000000efe80000, 0x0000000100000000)
  eden space 197632K, 0% used [0x00000000e0000000,0x00000000e0000000,0x00000000ec100000)
  from space 20992K, 99% used [0x00000000edc80000,0x00000000ef0f9780,0x00000000ef100000)
  to   space 28160K, 0% used [0x00000000ec100000,0x00000000ec100000,0x00000000edc80000)
 ParOldGen       total 59904K, used 37530K [0x00000000a0000000, 0x00000000a3a80000, 0x00000000e0000000)
  object space 59904K, 62% used [0x00000000a0000000,0x00000000a24a6838,0x00000000a3a80000)
 Metaspace       used 57214K, capacity 58760K, committed 59028K, reserved 1099776K
  class space    used 7664K, capacity 8073K, committed 8192K, reserved 1048576K
}
Event: 30,484 GC heap before
{Heap before GC invocations=13 (full 2):
 PSYoungGen      total 218624K, used 42905K [0x00000000e0000000, 0x00000000efe80000, 0x0000000100000000)
  eden space 197632K, 11% used [0x00000000e0000000,0x00000000e156cec8,0x00000000ec100000)
  from space 20992K, 99% used [0x00000000edc80000,0x00000000ef0f9780,0x00000000ef100000)
  to   space 28160K, 0% used [0x00000000ec100000,0x00000000ec100000,0x00000000edc80000)
 ParOldGen       total 59904K, used 37530K [0x00000000a0000000, 0x00000000a3a80000, 0x00000000e0000000)
  object space 59904K, 62% used [0x00000000a0000000,0x00000000a24a6838,0x00000000a3a80000)
 Metaspace       used 57243K, capacity 58826K, committed 59028K, reserved 1099776K
  class space    used 7666K, capacity 8074K, committed 8192K, reserved 1048576K
Event: 30,522 GC heap after
Heap after GC invocations=13 (full 2):
 PSYoungGen      total 225792K, used 768K [0x00000000e0000000, 0x00000000f5000000, 0x0000000100000000)
  eden space 197632K, 0% used [0x00000000e0000000,0x00000000e0000000,0x00000000ec100000)
  from space 28160K, 2% used [0x00000000ec100000,0x00000000ec1c0000,0x00000000edc80000)
  to   space 28160K, 0% used [0x00000000f3480000,0x00000000f3480000,0x00000000f5000000)
 ParOldGen       total 59904K, used 55722K [0x00000000a0000000, 0x00000000a3a80000, 0x00000000e0000000)
  object space 59904K, 93% used [0x00000000a0000000,0x00000000a366a8c8,0x00000000a3a80000)
 Metaspace       used 57243K, capacity 58826K, committed 59028K, reserved 1099776K
  class space    used 7666K, capacity 8074K, committed 8192K, reserved 1048576K
}
Event: 30,522 GC heap before
{Heap before GC invocations=14 (full 3):
 PSYoungGen      total 225792K, used 768K [0x00000000e0000000, 0x00000000f5000000, 0x0000000100000000)
  eden space 197632K, 0% used [0x00000000e0000000,0x00000000e0000000,0x00000000ec100000)
  from space 28160K, 2% used [0x00000000ec100000,0x00000000ec1c0000,0x00000000edc80000)
  to   space 28160K, 0% used [0x00000000f3480000,0x00000000f3480000,0x00000000f5000000)
 ParOldGen       total 59904K, used 55722K [0x00000000a0000000, 0x00000000a3a80000, 0x00000000e0000000)
  object space 59904K, 93% used [0x00000000a0000000,0x00000000a366a8c8,0x00000000a3a80000)
 Metaspace       used 57243K, capacity 58826K, committed 59028K, reserved 1099776K
  class space    used 7666K, capacity 8074K, committed 8192K, reserved 1048576K
Event: 30,859 GC heap after
Heap after GC invocations=14 (full 3):
 PSYoungGen      total 225792K, used 0K [0x00000000e0000000, 0x00000000f5000000, 0x0000000100000000)
  eden space 197632K, 0% used [0x00000000e0000000,0x00000000e0000000,0x00000000ec100000)
  from space 28160K, 0% used [0x00000000ec100000,0x00000000ec100000,0x00000000edc80000)
  to   space 28160K, 0% used [0x00000000f3480000,0x00000000f3480000,0x00000000f5000000)
 ParOldGen       total 84480K, used 30293K [0x00000000a0000000, 0x00000000a5280000, 0x00000000e0000000)
  object space 84480K, 35% used [0x00000000a0000000,0x00000000a1d95790,0x00000000a5280000)
 Metaspace       used 57241K, capacity 58820K, committed 59028K, reserved 1099776K
  class space    used 7665K, capacity 8073K, committed 8192K, reserved 1048576K
}
Event: 38,993 GC heap before
{Heap before GC invocations=15 (full 3):
 PSYoungGen      total 225792K, used 197632K [0x00000000e0000000, 0x00000000f5000000, 0x0000000100000000)
  eden space 197632K, 100% used [0x00000000e0000000,0x00000000ec100000,0x00000000ec100000)
  from space 28160K, 0% used [0x00000000ec100000,0x00000000ec100000,0x00000000edc80000)
  to   space 28160K, 0% used [0x00000000f3480000,0x00000000f3480000,0x00000000f5000000)
 ParOldGen       total 84480K, used 30293K [0x00000000a0000000, 0x00000000a5280000, 0x00000000e0000000)
  object space 84480K, 35% used [0x00000000a0000000,0x00000000a1d95790,0x00000000a5280000)
 Metaspace       used 64884K, capacity 66664K, committed 66776K, reserved 1107968K
  class space    used 8528K, capacity 8947K, committed 8960K, reserved 1048576K
Event: 39,051 GC heap after
Heap after GC invocations=15 (full 3):
 PSYoungGen      total 292352K, used 12796K [0x00000000e0000000, 0x00000000f4380000, 0x0000000100000000)
  eden space 276992K, 0% used [0x00000000e0000000,0x00000000e0000000,0x00000000f0e80000)
  from space 15360K, 83% used [0x00000000f3480000,0x00000000f40ff3c8,0x00000000f4380000)
  to   space 27136K, 0% used [0x00000000f0e80000,0x00000000f0e80000,0x00000000f2900000)
 ParOldGen       total 84480K, used 30301K [0x00000000a0000000, 0x00000000a5280000, 0x00000000e0000000)
  object space 84480K, 35% used [0x00000000a0000000,0x00000000a1d97790,0x00000000a5280000)
 Metaspace       used 64884K, capacity 66664K, committed 66776K, reserved 1107968K
  class space    used 8528K, capacity 8947K, committed 8960K, reserved 1048576K
}
Event: 44,290 GC heap before
{Heap before GC invocations=16 (full 3):
 PSYoungGen      total 292352K, used 289788K [0x00000000e0000000, 0x00000000f4380000, 0x0000000100000000)
  eden space 276992K, 100% used [0x00000000e0000000,0x00000000f0e80000,0x00000000f0e80000)
  from space 15360K, 83% used [0x00000000f3480000,0x00000000f40ff3c8,0x00000000f4380000)
  to   space 27136K, 0% used [0x00000000f0e80000,0x00000000f0e80000,0x00000000f2900000)
 ParOldGen       total 84480K, used 30301K [0x00000000a0000000, 0x00000000a5280000, 0x00000000e0000000)
  object space 84480K, 35% used [0x00000000a0000000,0x00000000a1d97790,0x00000000a5280000)
 Metaspace       used 72795K, capacity 75148K, committed 75352K, reserved 1114112K
  class space    used 9525K, capacity 10001K, committed 10112K, reserved 1048576K

